<?xml version="1.0" encoding="UTF-8"?>
<testsuite xmlns:xsi="http://www.w3.org/2001/XMLSchema-instance" xsi:noNamespaceSchemaLocation="https://maven.apache.org/surefire/maven-surefire-plugin/xsd/surefire-test-report.xsd" name="org.comp1030.blair.MainTest" time="0.063" tests="25" errors="0" skipped="0" failures="0">
  <properties>
    <property name="java.specification.version" value="16"/>
    <property name="sun.cpu.isalist" value="amd64"/>
    <property name="sun.jnu.encoding" value="Cp1252"/>
    <property name="java.class.path" value="D:\Bobbias\Documents\School\Fundamentals\Final Project\code\final-project\target\test-classes;D:\Bobbias\Documents\School\Fundamentals\Final Project\code\final-project\target\classes;C:\Users\Bobbias\.m2\repository\junit\junit\4.11\junit-4.11.jar;C:\Users\Bobbias\.m2\repository\org\hamcrest\hamcrest-core\1.3\hamcrest-core-1.3.jar;"/>
    <property name="java.vm.vendor" value="Oracle Corporation"/>
    <property name="sun.arch.data.model" value="64"/>
    <property name="user.variant" value=""/>
    <property name="java.vendor.url" value="https://java.oracle.com/"/>
    <property name="user.timezone" value="America/Toronto"/>
    <property name="os.name" value="Windows 10"/>
    <property name="java.vm.specification.version" value="16"/>
    <property name="sun.java.launcher" value="SUN_STANDARD"/>
    <property name="user.country" value="CA"/>
    <property name="sun.boot.library.path" value="D:\Program Files\Java\jdk-16.0.2\bin"/>
    <property name="sun.java.command" value="C:\Users\Bobbias\AppData\Local\Temp\surefire12450132677860534630\surefirebooter18059113725735778472.jar C:\Users\Bobbias\AppData\Local\Temp\surefire12450132677860534630 2021-11-14T21-56-39_464-jvmRun1 surefire8314517212393575031tmp surefire_04715365647701415774tmp"/>
    <property name="jdk.debug" value="release"/>
    <property name="surefire.test.class.path" value="D:\Bobbias\Documents\School\Fundamentals\Final Project\code\final-project\target\test-classes;D:\Bobbias\Documents\School\Fundamentals\Final Project\code\final-project\target\classes;C:\Users\Bobbias\.m2\repository\junit\junit\4.11\junit-4.11.jar;C:\Users\Bobbias\.m2\repository\org\hamcrest\hamcrest-core\1.3\hamcrest-core-1.3.jar;"/>
    <property name="sun.cpu.endian" value="little"/>
    <property name="user.home" value="C:\Users\Bobbias"/>
    <property name="user.language" value="en"/>
    <property name="java.specification.vendor" value="Oracle Corporation"/>
    <property name="java.version.date" value="2021-07-20"/>
    <property name="java.home" value="D:\Program Files\Java\jdk-16.0.2"/>
    <property name="file.separator" value="\"/>
    <property name="basedir" value="D:\Bobbias\Documents\School\Fundamentals\Final Project\code\final-project"/>
    <property name="java.vm.compressedOopsMode" value="Zero based"/>
    <property name="line.separator" value="&#10;"/>
    <property name="java.vm.specification.vendor" value="Oracle Corporation"/>
    <property name="java.specification.name" value="Java Platform API Specification"/>
    <property name="surefire.real.class.path" value="C:\Users\Bobbias\AppData\Local\Temp\surefire12450132677860534630\surefirebooter18059113725735778472.jar"/>
    <property name="user.script" value=""/>
    <property name="sun.management.compiler" value="HotSpot 64-Bit Tiered Compilers"/>
    <property name="java.runtime.version" value="16.0.2+7-67"/>
    <property name="user.name" value="Bobbias"/>
    <property name="path.separator" value=";"/>
    <property name="os.version" value="10.0"/>
    <property name="java.runtime.name" value="Java(TM) SE Runtime Environment"/>
    <property name="file.encoding" value="Cp1252"/>
    <property name="java.vm.name" value="Java HotSpot(TM) 64-Bit Server VM"/>
    <property name="localRepository" value="C:\Users\Bobbias\.m2\repository"/>
    <property name="java.vendor.url.bug" value="https://bugreport.java.com/bugreport/"/>
    <property name="java.io.tmpdir" value="C:\Users\Bobbias\AppData\Local\Temp\"/>
    <property name="java.version" value="16.0.2"/>
    <property name="user.dir" value="D:\Bobbias\Documents\School\Fundamentals\Final Project\code\final-project"/>
    <property name="os.arch" value="amd64"/>
    <property name="java.vm.specification.name" value="Java Virtual Machine Specification"/>
    <property name="sun.os.patch.level" value=""/>
    <property name="java.library.path" value="D:\Program Files\Java\jdk-16.0.2\bin;C:\WINDOWS\Sun\Java\bin;C:\WINDOWS\system32;C:\WINDOWS;C:\Program Files\PowerShell\7-preview;D:\Program Files\Eclipse Foundation\jdk-11.0.12.7-hotspot\bin;D:\Program Files\Java\jdk-16.0.2\bin;C:\Python39\;C:\WINDOWS\system32;C:\WINDOWS;C:\WINDOWS\System32\Wbem;C:\WINDOWS\System32\WindowsPowerShell\v1.0\;C:\WINDOWS\System32\OpenSSH\;C:\Program Files (x86)\NVIDIA Corporation\PhysX\Common;C:\Program Files (x86)\LyX 2.3\Perl\bin;C:\Program Files\NVIDIA Corporation\NVIDIA NvDLISR;C:\Program Files\dotnet\;C:\WINDOWS\system32;C:\WINDOWS;C:\WINDOWS\System32\Wbem;C:\WINDOWS\System32\WindowsPowerShell\v1.0\;C:\WINDOWS\System32\OpenSSH\;C:\Program Files\Git\cmd;C:\Program Files\Microsoft SQL Server\Client SDK\ODBC\170\Tools\Binn\;C:\Program Files (x86)\Microsoft SQL Server\140\Tools\Binn\;C:\Program Files\Microsoft SQL Server\140\Tools\Binn\;C:\Program Files (x86)\Microsoft SQL Server\140\DTS\Binn\;C:\Program Files\Microsoft SQL Server\140\DTS\Binn\;C:\Program Files\Microsoft SQL Server\Client SDK\ODBC\130\Tools\Binn\;C:\Program Files (x86)\Microsoft SQL Server\150\DTS\Binn\;C:\Program Files\Microsoft SQL Server\130\Tools\Binn\;C:\Program Files (x86)\Windows Kits\10\Windows Performance Toolkit\;C:\Program Files\CMake-External\bin;D:\Program Files\nodejs\;C:\ProgramData\chocolatey\bin;C:\Program Files\LLVM\bin;C:\Program Files\LLVM\share\clang\;D:\nim-1.4.2\bin;C:\Users\Bobbias\AppData\Roaming\local\bin;C:\Program Files\PowerShell\7-preview\preview;C:\Library\Developer\Toolchains\unknown-Asserts-development.xctoolchain\usr\bin;C:\Library\Swift-development\bin;D:\Program Files\Microsoft VS Code Insiders\bin;D:\MiKTeX\miktex\bin\x64;D:\Strawberry\c\bin;D:\Strawberry\perl\site\bin;D:\Strawberry\perl\bin;D:\development\arduino-cli;D:\apache-maven-3.8.3\bin;C:\Program Files\MySQL\MySQL Shell 8.0\bin\;C:\Users\Bobbias\AppData\Local\Programs\Python\Python38-32\Scripts\;C:\Users\Bobbias\AppData\Local\Programs\Python\Python38-32\;C:\Users\Bobbias\AppData\Local\Microsoft\WindowsApps;C:\Program Files\smartmontools\bin;C:\Users\Bobbias\AppData\Local\GitHubDesktop\bin;C:\Users\Bobbias\.dotnet\tools;C:\Users\Bobbias\AppData\Local\Microsoft\WindowsApps;C:\Users\Bobbias\AppData\Local\Programs\Microsoft VS Code\bin;D:\PyCharm Community Edition 2019.2.3\bin;;D:\Libs\CSFML-2.5\bin;D:\Libs\SFML-2.5.1\bin;C:\Program Files\Mega-Nerd\libsndfile\bin;D:\MiKTeX\miktex\bin\x64\;C:\Program Files\PowerShell\7-preview;C:\misc-tools;C:\Program Files\msixmgr\;C:\Users\Bobbias\.dotnet\tools;C:\Program Files\JetBrains\CLion 2020.1\bin;;D:\ninja\;C:\Program Files\Argyll\Argyll_V2.1.2\bin;C:\Users\Bobbias\AppData\Roaming\npm;C:\Program Files\LLVM\share\clang\;C:\Users\Bobbias\AppData\Roaming\cabal\bin;C:\ProgramData\chocolatey\lib\ghc\tools\ghc-8.10.3\bin;C:\tools\msys64;;D:\Users\Bobbias\AppData\Local\Programs\Microsoft VS Code Insiders\bin;."/>
    <property name="java.vm.info" value="mixed mode, sharing"/>
    <property name="java.vendor" value="Oracle Corporation"/>
    <property name="java.vm.version" value="16.0.2+7-67"/>
    <property name="sun.io.unicode.encoding" value="UnicodeLittle"/>
    <property name="java.class.version" value="60.0"/>
  </properties>
  <testcase name="gameBoard_guessPlayerH" classname="org.comp1030.blair.MainTest$GameBoardTests" time="0.008"/>
  <testcase name="gameBoard_guessPlayerV" classname="org.comp1030.blair.MainTest$GameBoardTests" time="0"/>
  <testcase name="gameBoard_placeShipDestroyerH" classname="org.comp1030.blair.MainTest$GameBoardTests" time="0"/>
  <testcase name="gameBoard_placeShipDestroyerV" classname="org.comp1030.blair.MainTest$GameBoardTests" time="0"/>
  <testcase name="gameBoard_placeShipBattleshipHBottom" classname="org.comp1030.blair.MainTest$GameBoardTests" time="0"/>
  <testcase name="gameBoard_placeShipPatrolBoatH" classname="org.comp1030.blair.MainTest$GameBoardTests" time="0"/>
  <testcase name="gameBoard_placeShipPatrolBoatV" classname="org.comp1030.blair.MainTest$GameBoardTests" time="0"/>
  <testcase name="gameBoard_placeShipBattleshipH" classname="org.comp1030.blair.MainTest$GameBoardTests" time="0"/>
  <testcase name="gameBoard_placeShipBattleshipV" classname="org.comp1030.blair.MainTest$GameBoardTests" time="0"/>
  <testcase name="gameBoard_placeShipSubmarineH" classname="org.comp1030.blair.MainTest$GameBoardTests" time="0"/>
  <testcase name="gameBoard_placeShipSubmarineV" classname="org.comp1030.blair.MainTest$GameBoardTests" time="0"/>
  <testcase name="gameBoard_isLegalPlacement_ShipTooTall" classname="org.comp1030.blair.MainTest$GameBoardTests" time="0"/>
  <testcase name="gameBoard_isLegalPlacement_ShipTooWide" classname="org.comp1030.blair.MainTest$GameBoardTests" time="0.001"/>
  <testcase name="gameBoard_isLegalPlacement_OverlapHV" classname="org.comp1030.blair.MainTest$GameBoardTests" time="0"/>
  <testcase name="gameBoard_isLegalPlacement_OverlapVH" classname="org.comp1030.blair.MainTest$GameBoardTests" time="0"/>
  <testcase name="gameBoard_isInitializedEmpty" classname="org.comp1030.blair.MainTest$GameBoardTests" time="0"/>
  <testcase name="gameBoard_guessAIH" classname="org.comp1030.blair.MainTest$GameBoardTests" time="0"/>
  <testcase name="gameBoard_guessAIV" classname="org.comp1030.blair.MainTest$GameBoardTests" time="0"/>
  <testcase name="gameBoard_isLegalPlacement_OOB" classname="org.comp1030.blair.MainTest$GameBoardTests" time="0"/>
  <testcase name="ship_getType" classname="org.comp1030.blair.MainTest$ShipTests" time="0"/>
  <testcase name="ship_getDirectionH" classname="org.comp1030.blair.MainTest$ShipTests" time="0"/>
  <testcase name="ship_getDirectionV" classname="org.comp1030.blair.MainTest$ShipTests" time="0.001"/>
  <testcase name="ship_getX" classname="org.comp1030.blair.MainTest$ShipTests" time="0"/>
  <testcase name="ship_getY" classname="org.comp1030.blair.MainTest$ShipTests" time="0"/>
  <testcase name="ship_sizes" classname="org.comp1030.blair.MainTest$ShipTests" time="0"/>
</testsuite>